2021-01-25 17:22:39> Program: Starting Squirrel Updater: --createShortcut GitHubDesktop.exe -l StartMenu,Desktop
2021-01-25 17:22:39> ApplyReleasesImpl: About to create shortcuts for GitHubDesktop.exe, rootAppDir C:\Users\Windows 10\AppData\Local\GitHubDesktop
2021-01-25 17:22:45> ApplyReleasesImpl: Creating shortcut for GitHubDesktop.exe => C:\Users\Windows 10\AppData\Roaming\Microsoft\Windows\Start Menu\Programs\GitHub, Inc.\GitHub Desktop.lnk
2021-01-25 17:22:45> ApplyReleasesImpl: About to save shortcut: C:\Users\Windows 10\AppData\Roaming\Microsoft\Windows\Start Menu\Programs\GitHub, Inc.\GitHub Desktop.lnk (target C:\Users\Windows 10\AppData\Local\GitHubDesktop\GitHubDesktop.exe, workingDir C:\Users\Windows 10\AppData\Local\GitHubDesktop\app-2.6.2, args , toastActivatorCSLID 27d44d0c-a542-5b90-bcdb-ac3126048ba2)
2021-01-25 17:22:46> ApplyReleasesImpl: Creating shortcut for GitHubDesktop.exe => C:\Users\Windows 10\Desktop\GitHub Desktop.lnk
2021-01-25 17:22:46> ApplyReleasesImpl: About to save shortcut: C:\Users\Windows 10\Desktop\GitHub Desktop.lnk (target C:\Users\Windows 10\AppData\Local\GitHubDesktop\GitHubDesktop.exe, workingDir C:\Users\Windows 10\AppData\Local\GitHubDesktop\app-2.6.2, args , toastActivatorCSLID 27d44d0c-a542-5b90-bcdb-ac3126048ba2)
2021-01-25 17:22:46> ApplyReleasesImpl: Examining Pin: File Explorer.lnk
2021-01-25 17:22:47> ApplyReleasesImpl: Examining Pin: Google Chrome.lnk
2021-01-25 17:22:47> ApplyReleasesImpl: Examining Pin: Microsoft Edge.lnk
2021-01-25 17:23:34> Program: Starting Squirrel Updater: --checkForUpdate https://central.github.com/api/deployments/desktop/desktop/latest?version=2.6.2&env=production
2021-01-25 17:23:34> Program: Fetching update information, downloading from https://central.github.com/api/deployments/desktop/desktop/latest?version=2.6.2&env=production
2021-01-25 17:23:35> CheckForUpdateImpl: Generated new staging user ID: 6911577b-e452-5835-852f-77e8555aa066
2021-01-25 17:23:35> CheckForUpdateImpl: Downloading RELEASES file from https://central.github.com/api/deployments/desktop/desktop/latest?version=2.6.2&env=production
2021-01-25 17:23:41> FileDownloader: Downloading url: https://central.github.com/api/deployments/desktop/desktop/latest/RELEASES?version=2.6.2&env=production&id=GitHubDesktop&localVersion=2.6.2&arch=amd64
2021-01-25 19:04:15> Program: Starting Squirrel Updater: --checkForUpdate https://central.github.com/api/deployments/desktop/desktop/latest?version=2.6.2&env=production
2021-01-25 19:04:16> Program: Fetching update information, downloading from https://central.github.com/api/deployments/desktop/desktop/latest?version=2.6.2&env=production
2021-01-25 19:04:16> CheckForUpdateImpl: Using existing staging user ID: 6911577b-e452-5835-852f-77e8555aa066
2021-01-25 19:04:16> CheckForUpdateImpl: Downloading RELEASES file from https://central.github.com/api/deployments/desktop/desktop/latest?version=2.6.2&env=production
2021-01-25 19:04:21> FileDownloader: Downloading url: https://central.github.com/api/deployments/desktop/desktop/latest/RELEASES?version=2.6.2&env=production&id=GitHubDesktop&localVersion=2.6.2&arch=amd64
2021-01-25 23:28:56> Program: Starting Squirrel Updater: --checkForUpdate https://central.github.com/api/deployments/desktop/desktop/latest?version=2.6.2&env=production
2021-01-25 23:28:56> Program: Fetching update information, downloading from https://central.github.com/api/deployments/desktop/desktop/latest?version=2.6.2&env=production
2021-01-25 23:28:56> CheckForUpdateImpl: Using existing staging user ID: 6911577b-e452-5835-852f-77e8555aa066
2021-01-25 23:28:57> CheckForUpdateImpl: Downloading RELEASES file from https://central.github.com/api/deployments/desktop/desktop/latest?version=2.6.2&env=production
2021-01-25 23:29:00> FileDownloader: Downloading url: https://central.github.com/api/deployments/desktop/desktop/latest/RELEASES?version=2.6.2&env=production&id=GitHubDesktop&localVersion=2.6.2&arch=amd64
